<?xml version="1.0" encoding="UTF-8"?>
<testsuites name="jest tests" tests="8" failures="2" errors="0" time="4.437">
  <testsuite name="undefined" errors="0" failures="0" skipped="1" timestamp="2022-12-21T09:41:45" time="1.106" tests="1">
    <testcase classname=" adds 1 + 2 to equal 3" name=" adds 1 + 2 to equal 3" time="0">
      <skipped/>
    </testcase>
    <testcase classname=" adds 3 + 2 to equal 3" name=" adds 3 + 2 to equal 3" time="0">
    </testcase>
  </testsuite>
  <testsuite name="加法函数的测试" errors="0" failures="0" skipped="0" timestamp="2022-12-21T09:41:45" time="1.884" tests="1">
    <testcase classname="加法函数的测试 1 加 1 应该等于 2" name="加法函数的测试 1 加 1 应该等于 2" time="0">
    </testcase>
  </testsuite>
  <testsuite name="减法函数的测试" errors="0" failures="2" skipped="1" timestamp="2022-12-21T09:41:46" time="1.453" tests="5">
    <testcase classname="减法函数的测试 1 减 1 应该等于 0" name="减法函数的测试 1 减 1 应该等于 0" time="0.001">
    </testcase>
    <testcase classname="减法函数的测试 failed 1 减 1 应该等于 2" name="减法函数的测试 failed 1 减 1 应该等于 2" time="0.002">
      <failure>assert.strictEqual(received, expected)

Expected value to strictly be equal to:
  2
Received:
  0

Message:
  expected +0 to equal 2
    at Object.&lt;anonymous&gt; (/nodejs-test/test/sub.test.js:11:29)
    at Object.asyncJestTest (/nodejs-test/node_modules/jest-jasmine2/build/jasmineAsyncInstall.js:106:37)
    at /nodejs-test/node_modules/jest-jasmine2/build/queueRunner.js:45:12
    at new Promise (&lt;anonymous&gt;)
    at mapper (/nodejs-test/node_modules/jest-jasmine2/build/queueRunner.js:28:19)
    at /nodejs-test/node_modules/jest-jasmine2/build/queueRunner.js:75:41
    at processTicksAndRejections (node:internal/process/task_queues:95:5)</failure>
    </testcase>
    <testcase classname="describe skip 测试 skip 1 减 1 应该等于 0" name="describe skip 测试 skip 1 减 1 应该等于 0" time="0">
      <skipped/>
    </testcase>
    <testcase classname="skip 测试 inline skip 1 减 1 应该等于 0" name="skip 测试 inline skip 1 减 1 应该等于 0" time="0">
      <failure>TypeError: this.skip is not a function
    at Object.&lt;anonymous&gt; (/nodejs-test/test/sub.test.js:23:10)
    at Object.asyncJestTest (/nodejs-test/node_modules/jest-jasmine2/build/jasmineAsyncInstall.js:106:37)
    at /nodejs-test/node_modules/jest-jasmine2/build/queueRunner.js:45:12
    at new Promise (&lt;anonymous&gt;)
    at mapper (/nodejs-test/node_modules/jest-jasmine2/build/queueRunner.js:28:19)
    at /nodejs-test/node_modules/jest-jasmine2/build/queueRunner.js:75:41
    at processTicksAndRejections (node:internal/process/task_queues:95:5)</failure>
    </testcase>
    <testcase classname="skip 测试 3 减 1 应该等于 2" name="skip 测试 3 减 1 应该等于 2" time="0">
    </testcase>
  </testsuite>
  <testsuite name="undefined" errors="0" failures="0" skipped="0" timestamp="2022-12-21T09:41:46" time="1.294" tests="1">
    <testcase classname=" adds 1 + 2 to equal 3" name=" adds 1 + 2 to equal 3" time="0.001">
    </testcase>
  </testsuite>
</testsuites>
