<?xml version="1.0" encoding="UTF-8"?>
<testsuites name="Mocha Tests" time="0.004" tests="6" failures="1" skipped="2">
  <testsuite name="Root Suite" timestamp="2022-12-28T04:07:11" tests="0" time="0.000" failures="0">
  </testsuite>
  <testsuite name="减法函数的测试" timestamp="2022-12-28T04:07:11" tests="2" file="/Users/mac/Desktop/kychen/git/nodejs-test/test/sub.test.js" time="0.003" failures="1">
    <testcase name="减法函数的测试 1 减 1 应该等于 0" time="0.000" classname="1 减 1 应该等于 0">
    </testcase>
    <testcase name="减法函数的测试 failed 1 减 1 应该等于 2" time="0.001" classname="failed 1 减 1 应该等于 2">
      <failure message="expected +0 to equal 2" type="AssertionError"><![CDATA[AssertionError: expected +0 to equal 2
    at Context.<anonymous> (test/sub.test.js:11:29)
    at process.processImmediate (node:internal/timers:471:21)

      + expected - actual

      -0
      +2
      ]]></failure>
    </testcase>
  </testsuite>
  <testsuite name="describe skip 测试" timestamp="2022-12-28T04:07:11" tests="1" file="/Users/mac/Desktop/kychen/git/nodejs-test/test/sub.test.js" time="0.001" failures="0" skipped="1">
    <testcase name="describe skip 测试 skip 1 减 1 应该等于 0" time="0.000" classname="skip 1 减 1 应该等于 0">
      <skipped/>
    </testcase>
  </testsuite>
  <testsuite name="skip 测试" timestamp="2022-12-28T04:07:11" tests="2" file="/Users/mac/Desktop/kychen/git/nodejs-test/test/sub.test.js" time="0.000" failures="0" skipped="1">
    <testcase name="skip 测试 inline skip 1 减 1 应该等于 0" time="0.000" classname="inline skip 1 减 1 应该等于 0">
      <skipped/>
    </testcase>
    <testcase name="skip 测试 3 减 1 应该等于 2" time="0.000" classname="3 减 1 应该等于 2">
    </testcase>
  </testsuite>
  <testsuite name="加法函数的测试" timestamp="2022-12-28T04:07:11" tests="1" file="/Users/mac/Desktop/kychen/git/nodejs-test/test/sum.mocha.test.js" time="0.000" failures="0">
    <testcase name="加法函数的测试 1 加 1 应该等于 2" time="0.000" classname="1 加 1 应该等于 2">
    </testcase>
  </testsuite>
</testsuites>
